Java HotSpot(TM) Server VM warning: ignoring option MaxPermSize=384; support was removed in 8.0
##teamcity[testCount count='3']

##teamcity[testSuiteStarted name='NewsSpec' locationHint='scalatest://TopOfClass:NewsSpecTestName:NewsSpec' captureStandardOutput='true']
[[37minfo[0m] application - Test Application Started
[[37minfo[0m] application - Repo Location = /tmp/TestGitRepo5224372756800760844/.git
[[37minfo[0m] application - Git Dir: /tmp/TestGitRepo5224372756800760844/.git
[[37minfo[0m] application - Git Branch: refs/heads/master
[[37minfo[0m] application - Git Repo: /tmp/TestGitRepo5224372756800760844/.git

##teamcity[testSuiteStarted name='News Page' locationHint='scalatest://LineInFile:NewsSpec:NewsSpec.scala:34TestName:News Page' captureStandardOutput='true']

##teamcity[testStarted name='Display a News Item' locationHint='scalatest://LineInFile:NewsSpec:NewsSpec.scala:36TestName:News Page must Display a News Item' captureStandardOutput='true']

##teamcity[testFailed name='Display a News Item' message='The code passed to eventually never returned normally. Attempted 106 times over 15.106571462 seconds. Last failure message: Error communicating with the remote browser. It may have died.|nBuild info: version: |'2.44.0|', revision: |'76d78cf323ce037c5f92db6c1bba601c2ac43ad8|', time: |'2014-10-23 13:11:40|'|nSystem info: host: |'leek-server|', ip: |'127.0.1.1|', os.name: |'Linux|', os.arch: |'i386|', os.version: |'3.16.0-24-generic|', java.version: |'1.8.0_20|'|nDriver info: driver.version: RemoteWebDriver.' details='org.scalatest.exceptions.TestFailedDueToTimeoutException: The code passed to eventually never returned normally. Attempted 106 times over 15.106571462 seconds. Last failure message: Error communicating with the remote browser. It may have died.|nBuild info: version: |'2.44.0|', revision: |'76d78cf323ce037c5f92db6c1bba601c2ac43ad8|', time: |'2014-10-23 13:11:40|'|nSystem info: host: |'leek-server|', ip: |'127.0.1.1|', os.name: |'Linux|', os.arch: |'i386|', os.version: |'3.16.0-24-generic|', java.version: |'1.8.0_20|'|nDriver info: driver.version: RemoteWebDriver.|n	at org.scalatest.concurrent.Eventually$class.tryTryAgain$1(Eventually.scala:420)|n	at org.scalatest.concurrent.Eventually$class.eventually(Eventually.scala:438)|n	at NewsSpec.eventually(NewsSpec.scala:17)|n	at NewsSpec$$anonfun$3$$anonfun$apply$mcV$sp$1.apply$mcV$sp(NewsSpec.scala:39)|n	at NewsSpec$$anonfun$3$$anonfun$apply$mcV$sp$1.apply(NewsSpec.scala:36)|n	at NewsSpec$$anonfun$3$$anonfun$apply$mcV$sp$1.apply(NewsSpec.scala:36)|n	at org.scalatest.Transformer$$anonfun$apply$1.apply$mcV$sp(Transformer.scala:22)|n	at org.scalatest.OutcomeOf$class.outcomeOf(OutcomeOf.scala:85)|n	at org.scalatest.OutcomeOf$.outcomeOf(OutcomeOf.scala:104)|n	at org.scalatest.Transformer.apply(Transformer.scala:22)|n	at org.scalatest.Transformer.apply(Transformer.scala:20)|n	at org.scalatest.WordSpecLike$$anon$1.apply(WordSpecLike.scala:953)|n	at org.scalatest.Suite$class.withFixture(Suite.scala:1122)|n	at NewsSpec.org$scalatestplus$play$OneBrowserPerSuite$$super$withFixture(NewsSpec.scala:17)|n	at org.scalatestplus.play.OneBrowserPerSuite$class.withFixture(OneBrowserPerSuite.scala:336)|n	at NewsSpec.withFixture(NewsSpec.scala:17)|n	at org.scalatest.WordSpecLike$class.invokeWithFixture$1(WordSpecLike.scala:950)|n	at org.scalatest.WordSpecLike$$anonfun$runTest$1.apply(WordSpecLike.scala:962)|n	at org.scalatest.WordSpecLike$$anonfun$runTest$1.apply(WordSpecLike.scala:962)|n	at org.scalatest.SuperEngine.runTestImpl(Engine.scala:306)|n	at org.scalatest.WordSpecLike$class.runTest(WordSpecLike.scala:962)|n	at NewsSpec.org$scalatest$BeforeAndAfter$$super$runTest(NewsSpec.scala:17)|n	at org.scalatest.BeforeAndAfter$class.runTest(BeforeAndAfter.scala:200)|n	at NewsSpec.runTest(NewsSpec.scala:17)|n	at org.scalatest.WordSpecLike$$anonfun$runTests$1.apply(WordSpecLike.scala:1021)|n	at org.scalatest.WordSpecLike$$anonfun$runTests$1.apply(WordSpecLike.scala:1021)|n	at org.scalatest.SuperEngine$$anonfun$traverseSubNodes$1$1.apply(Engine.scala:413)|n	at org.scalatest.SuperEngine$$anonfun$traverseSubNodes$1$1.apply(Engine.scala:401)|n	at scala.collection.immutable.List.foreach(List.scala:381)|n	at org.scalatest.SuperEngine.traverseSubNodes$1(Engine.scala:401)|n	at org.scalatest.SuperEngine.org$scalatest$SuperEngine$$runTestsInBranch(Engine.scala:390)|n	at org.scalatest.SuperEngine$$anonfun$traverseSubNodes$1$1.apply(Engine.scala:427)|n	at org.scalatest.SuperEngine$$anonfun$traverseSubNodes$1$1.apply(Engine.scala:401)|n	at scala.collection.immutable.List.foreach(List.scala:381)|n	at org.scalatest.SuperEngine.traverseSubNodes$1(Engine.scala:401)|n	at org.scalatest.SuperEngine.org$scalatest$SuperEngine$$runTestsInBranch(Engine.scala:396)|n	at org.scalatest.SuperEngine.runTestsImpl(Engine.scala:483)|n	at org.scalatest.WordSpecLike$class.runTests(WordSpecLike.scala:1021)|n	at org.scalatest.WordSpec.runTests(WordSpec.scala:1881)|n	at org.scalatest.Suite$class.run(Suite.scala:1424)|n	at org.scalatest.WordSpec.org$scalatest$WordSpecLike$$super$run(WordSpec.scala:1881)|n	at org.scalatest.WordSpecLike$$anonfun$run$1.apply(WordSpecLike.scala:1067)|n	at org.scalatest.WordSpecLike$$anonfun$run$1.apply(WordSpecLike.scala:1067)|n	at org.scalatest.SuperEngine.runImpl(Engine.scala:545)|n	at org.scalatest.WordSpecLike$class.run(WordSpecLike.scala:1067)|n	at NewsSpec.org$scalatestplus$play$OneServerPerSuite$$super$run(NewsSpec.scala:17)|n	at org.scalatestplus.play.OneServerPerSuite$class.run(OneServerPerSuite.scala:177)|n	at NewsSpec.org$scalatestplus$play$OneBrowserPerSuite$$super$run(NewsSpec.scala:17)|n	at org.scalatestplus.play.OneBrowserPerSuite$class.run(OneBrowserPerSuite.scala:363)|n	at NewsSpec.org$scalatest$BeforeAndAfter$$super$run(NewsSpec.scala:17)|n	at org.scalatest.BeforeAndAfter$class.run(BeforeAndAfter.scala:241)|n	at NewsSpec.org$scalatest$BeforeAndAfterAll$$super$run(NewsSpec.scala:17)|n	at org.scalatest.BeforeAndAfterAll$class.liftedTree1$1(BeforeAndAfterAll.scala:257)|n	at org.scalatest.BeforeAndAfterAll$class.run(BeforeAndAfterAll.scala:256)|n	at NewsSpec.run(NewsSpec.scala:17)|n	at org.scalatest.tools.SuiteRunner.run(SuiteRunner.scala:55)|n	at org.scalatest.tools.Runner$$anonfun$doRunRunRunDaDoRunRun$3.apply(Runner.scala:2563)|n	at org.scalatest.tools.Runner$$anonfun$doRunRunRunDaDoRunRun$3.apply(Runner.scala:2557)|n	at scala.collection.immutable.List.foreach(List.scala:381)|n	at org.scalatest.tools.Runner$.doRunRunRunDaDoRunRun(Runner.scala:2557)|n	at org.scalatest.tools.Runner$$anonfun$runOptionallyWithPassFailReporter$2.apply(Runner.scala:1044)|n	at org.scalatest.tools.Runner$$anonfun$runOptionallyWithPassFailReporter$2.apply(Runner.scala:1043)|n	at org.scalatest.tools.Runner$.withClassLoaderAndDispatchReporter(Runner.scala:2722)|n	at org.scalatest.tools.Runner$.runOptionallyWithPassFailReporter(Runner.scala:1043)|n	at org.scalatest.tools.Runner$.run(Runner.scala:883)|n	at org.scalatest.tools.Runner.run(Runner.scala)|n	at org.jetbrains.plugins.scala.testingSupport.scalaTest.ScalaTestRunner.runScalaTest2(ScalaTestRunner.java:137)|n	at org.jetbrains.plugins.scala.testingSupport.scalaTest.ScalaTestRunner.main(ScalaTestRunner.java:28)|nCaused by: org.openqa.selenium.remote.UnreachableBrowserException: Error communicating with the remote browser. It may have died.|nBuild info: version: |'2.44.0|', revision: |'76d78cf323ce037c5f92db6c1bba601c2ac43ad8|', time: |'2014-10-23 13:11:40|'|nSystem info: host: |'leek-server|', ip: |'127.0.1.1|', os.name: |'Linux|', os.arch: |'i386|', os.version: |'3.16.0-24-generic|', java.version: |'1.8.0_20|'|nDriver info: driver.version: RemoteWebDriver|n	at org.openqa.selenium.remote.RemoteWebDriver.execute(RemoteWebDriver.java:593)|n	at org.openqa.selenium.remote.RemoteWebDriver.findElements(RemoteWebDriver.java:377)|n	at org.openqa.selenium.remote.RemoteWebDriver.findElementsByCssSelector(RemoteWebDriver.java:445)|n	at org.openqa.selenium.By$ByCssSelector.findElements(By.java:436)|n	at org.openqa.selenium.remote.RemoteWebDriver.findElements(RemoteWebDriver.java:340)|n	at org.scalatest.selenium.WebBrowser$Query$class.findAllElements(WebBrowser.scala:2855)|n	at org.scalatest.selenium.WebBrowser$CssSelectorQuery.findAllElements(WebBrowser.scala:2959)|n	at NewsPage.Items(NewsPage.scala:11)|n	at NewsSpec$$anonfun$3$$anonfun$apply$mcV$sp$1$$anonfun$apply$mcV$sp$2.apply$mcV$sp(NewsSpec.scala:40)|n	at NewsSpec$$anonfun$3$$anonfun$apply$mcV$sp$1$$anonfun$apply$mcV$sp$2.apply(NewsSpec.scala:40)|n	at NewsSpec$$anonfun$3$$anonfun$apply$mcV$sp$1$$anonfun$apply$mcV$sp$2.apply(NewsSpec.scala:40)|n	at org.scalatest.concurrent.Eventually$class.makeAValiantAttempt$1(Eventually.scala:394)|n	at org.scalatest.concurrent.Eventually$class.tryTryAgain$1(Eventually.scala:408)|n	... 67 more|nCaused by: org.apache.http.conn.HttpHostConnectException: Connect to 127.0.0.1:7058 [/127.0.0.1|] failed: Connection refused|n	at org.apache.http.impl.conn.HttpClientConnectionOperator.connect(HttpClientConnectionOperator.java:140)|n	at org.apache.http.impl.conn.PoolingHttpClientConnectionManager.connect(PoolingHttpClientConnectionManager.java:318)|n	at org.apache.http.impl.execchain.MainClientExec.establishRoute(MainClientExec.java:363)|n	at org.apache.http.impl.execchain.MainClientExec.execute(MainClientExec.java:219)|n	at org.apache.http.impl.execchain.ProtocolExec.execute(ProtocolExec.java:195)|n	at org.apache.http.impl.execchain.RetryExec.execute(RetryExec.java:86)|n	at org.apache.http.impl.execchain.RedirectExec.execute(RedirectExec.java:108)|n	at org.apache.http.impl.client.InternalHttpClient.doExecute(InternalHttpClient.java:184)|n	at org.apache.http.impl.client.CloseableHttpClient.execute(CloseableHttpClient.java:72)|n	at org.apache.http.impl.client.CloseableHttpClient.execute(CloseableHttpClient.java:57)|n	at org.openqa.selenium.remote.HttpCommandExecutor.fallBackExecute(HttpCommandExecutor.java:215)|n	at org.openqa.selenium.remote.HttpCommandExecutor.execute(HttpCommandExecutor.java:184)|n	at org.openqa.selenium.firefox.internal.NewProfileExtensionConnection.execute(NewProfileExtensionConnection.java:165)|n	at org.openqa.selenium.firefox.FirefoxDriver$LazyCommandExecutor.execute(FirefoxDriver.java:362)|n	at org.openqa.selenium.remote.RemoteWebDriver.execute(RemoteWebDriver.java:572)|n	... 79 more|nCaused by: java.net.ConnectException: Connection refused|n	at java.net.PlainSocketImpl.socketConnect(Native Method)|n	at java.net.AbstractPlainSocketImpl.doConnect(AbstractPlainSocketImpl.java:345)|n	at java.net.AbstractPlainSocketImpl.connectToAddress(AbstractPlainSocketImpl.java:206)|n	at java.net.AbstractPlainSocketImpl.connect(AbstractPlainSocketImpl.java:188)|n	at java.net.SocksSocketImpl.connect(SocksSocketImpl.java:392)|n	at java.net.Socket.connect(Socket.java:589)|n	at org.apache.http.conn.socket.PlainConnectionSocketFactory.connectSocket(PlainConnectionSocketFactory.java:72)|n	at org.apache.http.impl.conn.HttpClientConnectionOperator.connect(HttpClientConnectionOperator.java:123)|n	... 93 more|n' error = 'true'timestamp='2015-02-15T17:28:49.870']

##teamcity[testFinished name='Display a News Item' duration='15801' captureStandardOutput='true' ]

##teamcity[testStarted name='Only Display News Posts' locationHint='scalatest://LineInFile:NewsSpec:NewsSpec.scala:44TestName:News Page must Only Display News Posts' captureStandardOutput='true']

##teamcity[testFailed name='Only Display News Posts' message='Error communicating with the remote browser. It may have died.|nBuild info: version: |'2.44.0|', revision: |'76d78cf323ce037c5f92db6c1bba601c2ac43ad8|', time: |'2014-10-23 13:11:40|'|nSystem info: host: |'leek-server|', ip: |'127.0.1.1|', os.name: |'Linux|', os.arch: |'i386|', os.version: |'3.16.0-24-generic|', java.version: |'1.8.0_20|'|nDriver info: driver.version: RemoteWebDriver' details='org.openqa.selenium.remote.UnreachableBrowserException: Error communicating with the remote browser. It may have died.|nBuild info: version: |'2.44.0|', revision: |'76d78cf323ce037c5f92db6c1bba601c2ac43ad8|', time: |'2014-10-23 13:11:40|'|nSystem info: host: |'leek-server|', ip: |'127.0.1.1|', os.name: |'Linux|', os.arch: |'i386|', os.version: |'3.16.0-24-generic|', java.version: |'1.8.0_20|'|nDriver info: driver.version: RemoteWebDriver|n	at org.openqa.selenium.remote.RemoteWebDriver.execute(RemoteWebDriver.java:593)|n	at org.openqa.selenium.remote.RemoteWebDriver.get(RemoteWebDriver.java:304)|n	at org.scalatest.selenium.WebBrowser$go$.to(WebBrowser.scala:2674)|n	at NewsSpec$$anonfun$3$$anonfun$apply$mcV$sp$3.apply$mcV$sp(NewsSpec.scala:45)|n	at NewsSpec$$anonfun$3$$anonfun$apply$mcV$sp$3.apply(NewsSpec.scala:44)|n	at NewsSpec$$anonfun$3$$anonfun$apply$mcV$sp$3.apply(NewsSpec.scala:44)|n	at org.scalatest.Transformer$$anonfun$apply$1.apply$mcV$sp(Transformer.scala:22)|n	at org.scalatest.OutcomeOf$class.outcomeOf(OutcomeOf.scala:85)|n	at org.scalatest.OutcomeOf$.outcomeOf(OutcomeOf.scala:104)|n	at org.scalatest.Transformer.apply(Transformer.scala:22)|n	at org.scalatest.Transformer.apply(Transformer.scala:20)|n	at org.scalatest.WordSpecLike$$anon$1.apply(WordSpecLike.scala:953)|n	at org.scalatest.Suite$class.withFixture(Suite.scala:1122)|n	at NewsSpec.org$scalatestplus$play$OneBrowserPerSuite$$super$withFixture(NewsSpec.scala:17)|n	at org.scalatestplus.play.OneBrowserPerSuite$class.withFixture(OneBrowserPerSuite.scala:336)|n	at NewsSpec.withFixture(NewsSpec.scala:17)|n	at org.scalatest.WordSpecLike$class.invokeWithFixture$1(WordSpecLike.scala:950)|n	at org.scalatest.WordSpecLike$$anonfun$runTest$1.apply(WordSpecLike.scala:962)|n	at org.scalatest.WordSpecLike$$anonfun$runTest$1.apply(WordSpecLike.scala:962)|n	at org.scalatest.SuperEngine.runTestImpl(Engine.scala:306)|n	at org.scalatest.WordSpecLike$class.runTest(WordSpecLike.scala:962)|n	at NewsSpec.org$scalatest$BeforeAndAfter$$super$runTest(NewsSpec.scala:17)|n	at org.scalatest.BeforeAndAfter$class.runTest(BeforeAndAfter.scala:200)|n	at NewsSpec.runTest(NewsSpec.scala:17)|n	at org.scalatest.WordSpecLike$$anonfun$runTests$1.apply(WordSpecLike.scala:1021)|n	at org.scalatest.WordSpecLike$$anonfun$runTests$1.apply(WordSpecLike.scala:1021)|n	at org.scalatest.SuperEngine$$anonfun$traverseSubNodes$1$1.apply(Engine.scala:413)|n	at org.scalatest.SuperEngine$$anonfun$traverseSubNodes$1$1.apply(Engine.scala:401)|n	at scala.collection.immutable.List.foreach(List.scala:381)|n	at org.scalatest.SuperEngine.traverseSubNodes$1(Engine.scala:401)|n	at org.scalatest.SuperEngine.org$scalatest$SuperEngine$$runTestsInBranch(Engine.scala:390)|n	at org.scalatest.SuperEngine$$anonfun$traverseSubNodes$1$1.apply(Engine.scala:427)|n	at org.scalatest.SuperEngine$$anonfun$traverseSubNodes$1$1.apply(Engine.scala:401)|n	at scala.collection.immutable.List.foreach(List.scala:381)|n	at org.scalatest.SuperEngine.traverseSubNodes$1(Engine.scala:401)|n	at org.scalatest.SuperEngine.org$scalatest$SuperEngine$$runTestsInBranch(Engine.scala:396)|n	at org.scalatest.SuperEngine.runTestsImpl(Engine.scala:483)|n	at org.scalatest.WordSpecLike$class.runTests(WordSpecLike.scala:1021)|n	at org.scalatest.WordSpec.runTests(WordSpec.scala:1881)|n	at org.scalatest.Suite$class.run(Suite.scala:1424)|n	at org.scalatest.WordSpec.org$scalatest$WordSpecLike$$super$run(WordSpec.scala:1881)|n	at org.scalatest.WordSpecLike$$anonfun$run$1.apply(WordSpecLike.scala:1067)|n	at org.scalatest.WordSpecLike$$anonfun$run$1.apply(WordSpecLike.scala:1067)|n	at org.scalatest.SuperEngine.runImpl(Engine.scala:545)|n	at org.scalatest.WordSpecLike$class.run(WordSpecLike.scala:1067)|n	at NewsSpec.org$scalatestplus$play$OneServerPerSuite$$super$run(NewsSpec.scala:17)|n	at org.scalatestplus.play.OneServerPerSuite$class.run(OneServerPerSuite.scala:177)|n	at NewsSpec.org$scalatestplus$play$OneBrowserPerSuite$$super$run(NewsSpec.scala:17)|n	at org.scalatestplus.play.OneBrowserPerSuite$class.run(OneBrowserPerSuite.scala:363)|n	at NewsSpec.org$scalatest$BeforeAndAfter$$super$run(NewsSpec.scala:17)|n	at org.scalatest.BeforeAndAfter$class.run(BeforeAndAfter.scala:241)|n	at NewsSpec.org$scalatest$BeforeAndAfterAll$$super$run(NewsSpec.scala:17)|n	at org.scalatest.BeforeAndAfterAll$class.liftedTree1$1(BeforeAndAfterAll.scala:257)|n	at org.scalatest.BeforeAndAfterAll$class.run(BeforeAndAfterAll.scala:256)|n	at NewsSpec.run(NewsSpec.scala:17)|n	at org.scalatest.tools.SuiteRunner.run(SuiteRunner.scala:55)|n	at org.scalatest.tools.Runner$$anonfun$doRunRunRunDaDoRunRun$3.apply(Runner.scala:2563)|n	at org.scalatest.tools.Runner$$anonfun$doRunRunRunDaDoRunRun$3.apply(Runner.scala:2557)|n	at scala.collection.immutable.List.foreach(List.scala:381)|n	at org.scalatest.tools.Runner$.doRunRunRunDaDoRunRun(Runner.scala:2557)|n	at org.scalatest.tools.Runner$$anonfun$runOptionallyWithPassFailReporter$2.apply(Runner.scala:1044)|n	at org.scalatest.tools.Runner$$anonfun$runOptionallyWithPassFailReporter$2.apply(Runner.scala:1043)|n	at org.scalatest.tools.Runner$.withClassLoaderAndDispatchReporter(Runner.scala:2722)|n	at org.scalatest.tools.Runner$.runOptionallyWithPassFailReporter(Runner.scala:1043)|n	at org.scalatest.tools.Runner$.run(Runner.scala:883)|n	at org.scalatest.tools.Runner.run(Runner.scala)|n	at org.jetbrains.plugins.scala.testingSupport.scalaTest.ScalaTestRunner.runScalaTest2(ScalaTestRunner.java:137)|n	at org.jetbrains.plugins.scala.testingSupport.scalaTest.ScalaTestRunner.main(ScalaTestRunner.java:28)|nCaused by: org.apache.http.conn.HttpHostConnectException: Connect to 127.0.0.1:7058 [/127.0.0.1|] failed: Connection refused|n	at org.apache.http.impl.conn.HttpClientConnectionOperator.connect(HttpClientConnectionOperator.java:140)|n	at org.apache.http.impl.conn.PoolingHttpClientConnectionManager.connect(PoolingHttpClientConnectionManager.java:318)|n	at org.apache.http.impl.execchain.MainClientExec.establishRoute(MainClientExec.java:363)|n	at org.apache.http.impl.execchain.MainClientExec.execute(MainClientExec.java:219)|n	at org.apache.http.impl.execchain.ProtocolExec.execute(ProtocolExec.java:195)|n	at org.apache.http.impl.execchain.RetryExec.execute(RetryExec.java:86)|n	at org.apache.http.impl.execchain.RedirectExec.execute(RedirectExec.java:108)|n	at org.apache.http.impl.client.InternalHttpClient.doExecute(InternalHttpClient.java:184)|n	at org.apache.http.impl.client.CloseableHttpClient.execute(CloseableHttpClient.java:72)|n	at org.apache.http.impl.client.CloseableHttpClient.execute(CloseableHttpClient.java:57)|n	at org.openqa.selenium.remote.HttpCommandExecutor.fallBackExecute(HttpCommandExecutor.java:215)|n	at org.openqa.selenium.remote.HttpCommandExecutor.execute(HttpCommandExecutor.java:184)|n	at org.openqa.selenium.firefox.internal.NewProfileExtensionConnection.execute(NewProfileExtensionConnection.java:165)|n	at org.openqa.selenium.firefox.FirefoxDriver$LazyCommandExecutor.execute(FirefoxDriver.java:362)|n	at org.openqa.selenium.remote.RemoteWebDriver.execute(RemoteWebDriver.java:572)|n	... 67 more|nCaused by: java.net.ConnectException: Connection refused|n	at java.net.PlainSocketImpl.socketConnect(Native Method)|n	at java.net.AbstractPlainSocketImpl.doConnect(AbstractPlainSocketImpl.java:345)|n	at java.net.AbstractPlainSocketImpl.connectToAddress(AbstractPlainSocketImpl.java:206)|n	at java.net.AbstractPlainSocketImpl.connect(AbstractPlainSocketImpl.java:188)|n	at java.net.SocksSocketImpl.connect(SocksSocketImpl.java:392)|n	at java.net.Socket.connect(Socket.java:589)|n	at org.apache.http.conn.socket.PlainConnectionSocketFactory.connectSocket(PlainConnectionSocketFactory.java:72)|n	at org.apache.http.impl.conn.HttpClientConnectionOperator.connect(HttpClientConnectionOperator.java:123)|n	... 81 more|n' error = 'true'timestamp='2015-02-15T17:28:49.878']

##teamcity[testFinished name='Only Display News Posts' duration='1' captureStandardOutput='true' ]

##teamcity[testStarted name='Display a Post' locationHint='scalatest://LineInFile:NewsSpec:NewsSpec.scala:51TestName:News Page must Display a Post' captureStandardOutput='true']

##teamcity[testFailed name='Display a Post' message='Error communicating with the remote browser. It may have died.|nBuild info: version: |'2.44.0|', revision: |'76d78cf323ce037c5f92db6c1bba601c2ac43ad8|', time: |'2014-10-23 13:11:40|'|nSystem info: host: |'leek-server|', ip: |'127.0.1.1|', os.name: |'Linux|', os.arch: |'i386|', os.version: |'3.16.0-24-generic|', java.version: |'1.8.0_20|'|nDriver info: driver.version: RemoteWebDriver' details='org.openqa.selenium.remote.UnreachableBrowserException: Error communicating with the remote browser. It may have died.|nBuild info: version: |'2.44.0|', revision: |'76d78cf323ce037c5f92db6c1bba601c2ac43ad8|', time: |'2014-10-23 13:11:40|'|nSystem info: host: |'leek-server|', ip: |'127.0.1.1|', os.name: |'Linux|', os.arch: |'i386|', os.version: |'3.16.0-24-generic|', java.version: |'1.8.0_20|'|nDriver info: driver.version: RemoteWebDriver|n	at org.openqa.selenium.remote.RemoteWebDriver.execute(RemoteWebDriver.java:593)|n	at org.openqa.selenium.remote.RemoteWebDriver.get(RemoteWebDriver.java:304)|n	at org.scalatest.selenium.WebBrowser$go$.to(WebBrowser.scala:2674)|n	at NewsSpec$$anonfun$3$$anonfun$apply$mcV$sp$5.apply$mcV$sp(NewsSpec.scala:52)|n	at NewsSpec$$anonfun$3$$anonfun$apply$mcV$sp$5.apply(NewsSpec.scala:51)|n	at NewsSpec$$anonfun$3$$anonfun$apply$mcV$sp$5.apply(NewsSpec.scala:51)|n	at org.scalatest.Transformer$$anonfun$apply$1.apply$mcV$sp(Transformer.scala:22)|n	at org.scalatest.OutcomeOf$class.outcomeOf(OutcomeOf.scala:85)|n	at org.scalatest.OutcomeOf$.outcomeOf(OutcomeOf.scala:104)|n	at org.scalatest.Transformer.apply(Transformer.scala:22)|n	at org.scalatest.Transformer.apply(Transformer.scala:20)|n	at org.scalatest.WordSpecLike$$anon$1.apply(WordSpecLike.scala:953)|n	at org.scalatest.Suite$class.withFixture(Suite.scala:1122)|n	at NewsSpec.org$scalatestplus$play$OneBrowserPerSuite$$super$withFixture(NewsSpec.scala:17)|n	at org.scalatestplus.play.OneBrowserPerSuite$class.withFixture(OneBrowserPerSuite.scala:336)|n	at NewsSpec.withFixture(NewsSpec.scala:17)|n	at org.scalatest.WordSpecLike$class.invokeWithFixture$1(WordSpecLike.scala:950)|n	at org.scalatest.WordSpecLike$$anonfun$runTest$1.apply(WordSpecLike.scala:962)|n	at org.scalatest.WordSpecLike$$anonfun$runTest$1.apply(WordSpecLike.scala:962)|n	at org.scalatest.SuperEngine.runTestImpl(Engine.scala:306)|n	at org.scalatest.WordSpecLike$class.runTest(WordSpecLike.scala:962)|n	at NewsSpec.org$scalatest$BeforeAndAfter$$super$runTest(NewsSpec.scala:17)|n	at org.scalatest.BeforeAndAfter$class.runTest(BeforeAndAfter.scala:200)|n	at NewsSpec.runTest(NewsSpec.scala:17)|n	at org.scalatest.WordSpecLike$$anonfun$runTests$1.apply(WordSpecLike.scala:1021)|n	at org.scalatest.WordSpecLike$$anonfun$runTests$1.apply(WordSpecLike.scala:1021)|n	at org.scalatest.SuperEngine$$anonfun$traverseSubNodes$1$1.apply(Engine.scala:413)|n	at org.scalatest.SuperEngine$$anonfun$traverseSubNodes$1$1.apply(Engine.scala:401)|n	at scala.collection.immutable.List.foreach(List.scala:381)|n	at org.scalatest.SuperEngine.traverseSubNodes$1(Engine.scala:401)|n	at org.scalatest.SuperEngine.org$scalatest$SuperEngine$$runTestsInBranch(Engine.scala:390)|n	at org.scalatest.SuperEngine$$anonfun$traverseSubNodes$1$1.apply(Engine.scala:427)|n	at org.scalatest.SuperEngine$$anonfun$traverseSubNodes$1$1.apply(Engine.scala:401)|n	at scala.collection.immutable.List.foreach(List.scala:381)|n	at org.scalatest.SuperEngine.traverseSubNodes$1(Engine.scala:401)|n	at org.scalatest.SuperEngine.org$scalatest$SuperEngine$$runTestsInBranch(Engine.scala:396)|n	at org.scalatest.SuperEngine.runTestsImpl(Engine.scala:483)|n	at org.scalatest.WordSpecLike$class.runTests(WordSpecLike.scala:1021)|n	at org.scalatest.WordSpec.runTests(WordSpec.scala:1881)|n	at org.scalatest.Suite$class.run(Suite.scala:1424)|n	at org.scalatest.WordSpec.org$scalatest$WordSpecLike$$super$run(WordSpec.scala:1881)|n	at org.scalatest.WordSpecLike$$anonfun$run$1.apply(WordSpecLike.scala:1067)|n	at org.scalatest.WordSpecLike$$anonfun$run$1.apply(WordSpecLike.scala:1067)|n	at org.scalatest.SuperEngine.runImpl(Engine.scala:545)|n	at org.scalatest.WordSpecLike$class.run(WordSpecLike.scala:1067)|n	at NewsSpec.org$scalatestplus$play$OneServerPerSuite$$super$run(NewsSpec.scala:17)|n	at org.scalatestplus.play.OneServerPerSuite$class.run(OneServerPerSuite.scala:177)|n	at NewsSpec.org$scalatestplus$play$OneBrowserPerSuite$$super$run(NewsSpec.scala:17)|n	at org.scalatestplus.play.OneBrowserPerSuite$class.run(OneBrowserPerSuite.scala:363)|n	at NewsSpec.org$scalatest$BeforeAndAfter$$super$run(NewsSpec.scala:17)|n	at org.scalatest.BeforeAndAfter$class.run(BeforeAndAfter.scala:241)|n	at NewsSpec.org$scalatest$BeforeAndAfterAll$$super$run(NewsSpec.scala:17)|n	at org.scalatest.BeforeAndAfterAll$class.liftedTree1$1(BeforeAndAfterAll.scala:257)|n	at org.scalatest.BeforeAndAfterAll$class.run(BeforeAndAfterAll.scala:256)|n	at NewsSpec.run(NewsSpec.scala:17)|n	at org.scalatest.tools.SuiteRunner.run(SuiteRunner.scala:55)|n	at org.scalatest.tools.Runner$$anonfun$doRunRunRunDaDoRunRun$3.apply(Runner.scala:2563)|n	at org.scalatest.tools.Runner$$anonfun$doRunRunRunDaDoRunRun$3.apply(Runner.scala:2557)|n	at scala.collection.immutable.List.foreach(List.scala:381)|n	at org.scalatest.tools.Runner$.doRunRunRunDaDoRunRun(Runner.scala:2557)|n	at org.scalatest.tools.Runner$$anonfun$runOptionallyWithPassFailReporter$2.apply(Runner.scala:1044)|n	at org.scalatest.tools.Runner$$anonfun$runOptionallyWithPassFailReporter$2.apply(Runner.scala:1043)|n	at org.scalatest.tools.Runner$.withClassLoaderAndDispatchReporter(Runner.scala:2722)|n	at org.scalatest.tools.Runner$.runOptionallyWithPassFailReporter(Runner.scala:1043)|n	at org.scalatest.tools.Runner$.run(Runner.scala:883)|n	at org.scalatest.tools.Runner.run(Runner.scala)|n	at org.jetbrains.plugins.scala.testingSupport.scalaTest.ScalaTestRunner.runScalaTest2(ScalaTestRunner.java:137)|n	at org.jetbrains.plugins.scala.testingSupport.scalaTest.ScalaTestRunner.main(ScalaTestRunner.java:28)|nCaused by: org.apache.http.conn.HttpHostConnectException: Connect to 127.0.0.1:7058 [/127.0.0.1|] failed: Connection refused|n	at org.apache.http.impl.conn.HttpClientConnectionOperator.connect(HttpClientConnectionOperator.java:140)|n	at org.apache.http.impl.conn.PoolingHttpClientConnectionManager.connect(PoolingHttpClientConnectionManager.java:318)|n	at org.apache.http.impl.execchain.MainClientExec.establishRoute(MainClientExec.java:363)|n	at org.apache.http.impl.execchain.MainClientExec.execute(MainClientExec.java:219)|n	at org.apache.http.impl.execchain.ProtocolExec.execute(ProtocolExec.java:195)|n	at org.apache.http.impl.execchain.RetryExec.execute(RetryExec.java:86)|n	at org.apache.http.impl.execchain.RedirectExec.execute(RedirectExec.java:108)|n	at org.apache.http.impl.client.InternalHttpClient.doExecute(InternalHttpClient.java:184)|n	at org.apache.http.impl.client.CloseableHttpClient.execute(CloseableHttpClient.java:72)|n	at org.apache.http.impl.client.CloseableHttpClient.execute(CloseableHttpClient.java:57)|n	at org.openqa.selenium.remote.HttpCommandExecutor.fallBackExecute(HttpCommandExecutor.java:215)|n	at org.openqa.selenium.remote.HttpCommandExecutor.execute(HttpCommandExecutor.java:184)|n	at org.openqa.selenium.firefox.internal.NewProfileExtensionConnection.execute(NewProfileExtensionConnection.java:165)|n	at org.openqa.selenium.firefox.FirefoxDriver$LazyCommandExecutor.execute(FirefoxDriver.java:362)|n	at org.openqa.selenium.remote.RemoteWebDriver.execute(RemoteWebDriver.java:572)|n	... 67 more|nCaused by: java.net.ConnectException: Connection refused|n	at java.net.PlainSocketImpl.socketConnect(Native Method)|n	at java.net.AbstractPlainSocketImpl.doConnect(AbstractPlainSocketImpl.java:345)|n	at java.net.AbstractPlainSocketImpl.connectToAddress(AbstractPlainSocketImpl.java:206)|n	at java.net.AbstractPlainSocketImpl.connect(AbstractPlainSocketImpl.java:188)|n	at java.net.SocksSocketImpl.connect(SocksSocketImpl.java:392)|n	at java.net.Socket.connect(Socket.java:589)|n	at org.apache.http.conn.socket.PlainConnectionSocketFactory.connectSocket(PlainConnectionSocketFactory.java:72)|n	at org.apache.http.impl.conn.HttpClientConnectionOperator.connect(HttpClientConnectionOperator.java:123)|n	... 81 more|n' error = 'true'timestamp='2015-02-15T17:28:49.886']

##teamcity[testFinished name='Display a Post' duration='1' captureStandardOutput='true' ]

##teamcity[testSuiteFinished name='News Page']
[[37minfo[0m] application - Application stopped

##teamcity[message text='Exception encountered when invoking run on a nested suite - Error communicating with the remote browser. It may have died.|nBuild info: version: |'2.44.0|', revision: |'76d78cf323ce037c5f92db6c1bba601c2ac43ad8|', time: |'2014-10-23 13:11:40|'|nSystem info: host: |'leek-server|', ip: |'127.0.1.1|', os.name: |'Linux|', os.arch: |'i386|', os.version: |'3.16.0-24-generic|', java.version: |'1.8.0_20|'|nDriver info: driver.version: RemoteWebDriver' status='ERROR' errorDetails='org.openqa.selenium.remote.UnreachableBrowserException: Error communicating with the remote browser. It may have died.|nBuild info: version: |'2.44.0|', revision: |'76d78cf323ce037c5f92db6c1bba601c2ac43ad8|', time: |'2014-10-23 13:11:40|'|nSystem info: host: |'leek-server|', ip: |'127.0.1.1|', os.name: |'Linux|', os.arch: |'i386|', os.version: |'3.16.0-24-generic|', java.version: |'1.8.0_20|'|nDriver info: driver.version: RemoteWebDriver|n	at org.openqa.selenium.remote.RemoteWebDriver.execute(RemoteWebDriver.java:593)|n	at org.openqa.selenium.remote.RemoteWebDriver.execute(RemoteWebDriver.java:614)|n	at org.openqa.selenium.remote.RemoteWebDriver.close(RemoteWebDriver.java:463)|n	at org.scalatestplus.play.OneBrowserPerSuite$$anonfun$1.apply(OneBrowserPerSuite.scala:357)|n	at org.scalatestplus.play.OneBrowserPerSuite$$anonfun$1.apply(OneBrowserPerSuite.scala:352)|n	at org.scalatestplus.play.OneBrowserPerSuite$class.run(OneBrowserPerSuite.scala:368)|n	at NewsSpec.org$scalatest$BeforeAndAfter$$super$run(NewsSpec.scala:17)|n	at org.scalatest.BeforeAndAfter$class.run(BeforeAndAfter.scala:241)|n	at NewsSpec.org$scalatest$BeforeAndAfterAll$$super$run(NewsSpec.scala:17)|n	at org.scalatest.BeforeAndAfterAll$class.liftedTree1$1(BeforeAndAfterAll.scala:257)|n	at org.scalatest.BeforeAndAfterAll$class.run(BeforeAndAfterAll.scala:256)|n	at NewsSpec.run(NewsSpec.scala:17)|n	at org.scalatest.tools.SuiteRunner.run(SuiteRunner.scala:55)|n	at org.scalatest.tools.Runner$$anonfun$doRunRunRunDaDoRunRun$3.apply(Runner.scala:2563)|n	at org.scalatest.tools.Runner$$anonfun$doRunRunRunDaDoRunRun$3.apply(Runner.scala:2557)|n	at scala.collection.immutable.List.foreach(List.scala:381)|n	at org.scalatest.tools.Runner$.doRunRunRunDaDoRunRun(Runner.scala:2557)|n	at org.scalatest.tools.Runner$$anonfun$runOptionallyWithPassFailReporter$2.apply(Runner.scala:1044)|n	at org.scalatest.tools.Runner$$anonfun$runOptionallyWithPassFailReporter$2.apply(Runner.scala:1043)|n	at org.scalatest.tools.Runner$.withClassLoaderAndDispatchReporter(Runner.scala:2722)|n	at org.scalatest.tools.Runner$.runOptionallyWithPassFailReporter(Runner.scala:1043)|n	at org.scalatest.tools.Runner$.run(Runner.scala:883)|n	at org.scalatest.tools.Runner.run(Runner.scala)|n	at org.jetbrains.plugins.scala.testingSupport.scalaTest.ScalaTestRunner.runScalaTest2(ScalaTestRunner.java:137)|n	at org.jetbrains.plugins.scala.testingSupport.scalaTest.ScalaTestRunner.main(ScalaTestRunner.java:28)|nCaused by: org.apache.http.conn.HttpHostConnectException: Connect to 127.0.0.1:7058 [/127.0.0.1|] failed: Connection refused|n	at org.apache.http.impl.conn.HttpClientConnectionOperator.connect(HttpClientConnectionOperator.java:140)|n	at org.apache.http.impl.conn.PoolingHttpClientConnectionManager.connect(PoolingHttpClientConnectionManager.java:318)|n	at org.apache.http.impl.execchain.MainClientExec.establishRoute(MainClientExec.java:363)|n	at org.apache.http.impl.execchain.MainClientExec.execute(MainClientExec.java:219)|n	at org.apache.http.impl.execchain.ProtocolExec.execute(ProtocolExec.java:195)|n	at org.apache.http.impl.execchain.RetryExec.execute(RetryExec.java:86)|n	at org.apache.http.impl.execchain.RedirectExec.execute(RedirectExec.java:108)|n	at org.apache.http.impl.client.InternalHttpClient.doExecute(InternalHttpClient.java:184)|n	at org.apache.http.impl.client.CloseableHttpClient.execute(CloseableHttpClient.java:72)|n	at org.apache.http.impl.client.CloseableHttpClient.execute(CloseableHttpClient.java:57)|n	at org.openqa.selenium.remote.HttpCommandExecutor.fallBackExecute(HttpCommandExecutor.java:215)|n	at org.openqa.selenium.remote.HttpCommandExecutor.execute(HttpCommandExecutor.java:184)|n	at org.openqa.selenium.firefox.internal.NewProfileExtensionConnection.execute(NewProfileExtensionConnection.java:165)|n	at org.openqa.selenium.firefox.FirefoxDriver$LazyCommandExecutor.execute(FirefoxDriver.java:362)|n	at org.openqa.selenium.remote.RemoteWebDriver.execute(RemoteWebDriver.java:572)|n	... 24 more|nCaused by: java.net.ConnectException: Connection refused|n	at java.net.PlainSocketImpl.socketConnect(Native Method)|n	at java.net.AbstractPlainSocketImpl.doConnect(AbstractPlainSocketImpl.java:345)|n	at java.net.AbstractPlainSocketImpl.connectToAddress(AbstractPlainSocketImpl.java:206)|n	at java.net.AbstractPlainSocketImpl.connect(AbstractPlainSocketImpl.java:188)|n	at java.net.SocksSocketImpl.connect(SocksSocketImpl.java:392)|n	at java.net.Socket.connect(Socket.java:589)|n	at org.apache.http.conn.socket.PlainConnectionSocketFactory.connectSocket(PlainConnectionSocketFactory.java:72)|n	at org.apache.http.impl.conn.HttpClientConnectionOperator.connect(HttpClientConnectionOperator.java:123)|n	... 38 more|n']
